This is pdfTeX, Version 3.14159265-2.6-1.40.19 (TeX Live 2019/dev/Debian) (preloaded format=pdflatex 2019.8.22)  21 NOV 2019 00:28
entering extended mode
 restricted \write18 enabled.
 %&-line parsing enabled.
**./images.tex
(./images.tex
LaTeX2e <2018-12-01>

(/usr/share/texlive/texmf-dist/tex/latex/base/article.cls
Document Class: article 2018/09/03 v1.4i Standard LaTeX document class
(/usr/share/texlive/texmf-dist/tex/latex/base/size10.clo
File: size10.clo 2018/09/03 v1.4i Standard LaTeX file (size option)
)
\c@part=\count80
\c@section=\count81
\c@subsection=\count82
\c@subsubsection=\count83
\c@paragraph=\count84
\c@subparagraph=\count85
\c@figure=\count86
\c@table=\count87
\abovecaptionskip=\skip41
\belowcaptionskip=\skip42
\bibindent=\dimen102
) (/usr/share/texlive/texmf-dist/tex/latex/base/ifthen.sty
Package: ifthen 2014/09/29 v1.1c Standard LaTeX ifthen package (DPC)
) (/usr/share/texlive/texmf-dist/tex/latex/tools/verbatim.sty
Package: verbatim 2014/10/28 v1.5q LaTeX2e package for verbatim enhancements
\every@verbatim=\toks14
\verbatim@line=\toks15
\verbatim@in@stream=\read1
) (/usr/share/texmf/tex/latex/html/html.sty (/usr/share/texlive/texmf-dist/tex/
latex/hyperref/hyperref.sty
Package: hyperref 2018/11/30 v6.88e Hypertext links for LaTeX
(/usr/share/texlive/texmf-dist/tex/generic/oberdiek/hobsub-hyperref.sty
Package: hobsub-hyperref 2016/05/16 v1.14 Bundle oberdiek, subset hyperref (HO)

(/usr/share/texlive/texmf-dist/tex/generic/oberdiek/hobsub-generic.sty
Package: hobsub-generic 2016/05/16 v1.14 Bundle oberdiek, subset generic (HO)
Package: hobsub 2016/05/16 v1.14 Construct package bundles (HO)
Package: infwarerr 2016/05/16 v1.4 Providing info/warning/error messages (HO)
Package: ltxcmds 2016/05/16 v1.23 LaTeX kernel commands for general use (HO)
Package: ifluatex 2016/05/16 v1.4 Provides the ifluatex switch (HO)
Package ifluatex Info: LuaTeX not detected.
Package: ifvtex 2016/05/16 v1.6 Detect VTeX and its facilities (HO)
Package ifvtex Info: VTeX not detected.
Package: intcalc 2016/05/16 v1.2 Expandable calculations with integers (HO)
Package: ifpdf 2018/09/07 v3.3 Provides the ifpdf switch
Package: etexcmds 2016/05/16 v1.6 Avoid name clashes with e-TeX commands (HO)
Package: kvsetkeys 2016/05/16 v1.17 Key value parser (HO)
Package: kvdefinekeys 2016/05/16 v1.4 Define keys (HO)
Package: pdftexcmds 2018/09/10 v0.29 Utility functions of pdfTeX for LuaTeX (HO
)
Package pdftexcmds Info: LuaTeX not detected.
Package pdftexcmds Info: \pdf@primitive is available.
Package pdftexcmds Info: \pdf@ifprimitive is available.
Package pdftexcmds Info: \pdfdraftmode found.
Package: pdfescape 2016/05/16 v1.14 Implements pdfTeX's escape features (HO)
Package: bigintcalc 2016/05/16 v1.4 Expandable calculations on big integers (HO
)
Package: bitset 2016/05/16 v1.2 Handle bit-vector datatype (HO)
Package: uniquecounter 2016/05/16 v1.3 Provide unlimited unique counter (HO)
)
Package hobsub Info: Skipping package `hobsub' (already loaded).
Package: letltxmacro 2016/05/16 v1.5 Let assignment for LaTeX macros (HO)
Package: hopatch 2016/05/16 v1.3 Wrapper for package hooks (HO)
Package: xcolor-patch 2016/05/16 xcolor patch
Package: atveryend 2016/05/16 v1.9 Hooks at the very end of document (HO)
Package atveryend Info: \enddocument detected (standard20110627).
Package: atbegshi 2016/06/09 v1.18 At begin shipout hook (HO)
Package: refcount 2016/05/16 v3.5 Data extraction from label references (HO)
Package: hycolor 2016/05/16 v1.8 Color options for hyperref/bookmark (HO)
) (/usr/share/texlive/texmf-dist/tex/latex/graphics/keyval.sty
Package: keyval 2014/10/28 v1.15 key=value parser (DPC)
\KV@toks@=\toks16
) (/usr/share/texlive/texmf-dist/tex/generic/ifxetex/ifxetex.sty
Package: ifxetex 2010/09/12 v0.6 Provides ifxetex conditional
) (/usr/share/texlive/texmf-dist/tex/latex/oberdiek/auxhook.sty
Package: auxhook 2016/05/16 v1.4 Hooks for auxiliary files (HO)
) (/usr/share/texlive/texmf-dist/tex/latex/oberdiek/kvoptions.sty
Package: kvoptions 2016/05/16 v3.12 Key value format for package options (HO)
)
\@linkdim=\dimen103
\Hy@linkcounter=\count88
\Hy@pagecounter=\count89
(/usr/share/texlive/texmf-dist/tex/latex/hyperref/pd1enc.def
File: pd1enc.def 2018/11/30 v6.88e Hyperref: PDFDocEncoding definition (HO)
Now handling font encoding PD1 ...
... no UTF-8 mapping file for font encoding PD1
)
\Hy@SavedSpaceFactor=\count90
(/usr/share/texlive/texmf-dist/tex/latex/latexconfig/hyperref.cfg
File: hyperref.cfg 2002/06/06 v1.2 hyperref configuration of TeXLive
)
Package hyperref Info: Hyper figures OFF on input line 4519.
Package hyperref Info: Link nesting OFF on input line 4524.
Package hyperref Info: Hyper index ON on input line 4527.
Package hyperref Info: Plain pages OFF on input line 4534.
Package hyperref Info: Backreferencing OFF on input line 4539.
Package hyperref Info: Implicit mode ON; LaTeX internals redefined.
Package hyperref Info: Bookmarks ON on input line 4772.
\c@Hy@tempcnt=\count91
(/usr/share/texlive/texmf-dist/tex/latex/url/url.sty
\Urlmuskip=\muskip10
Package: url 2013/09/16  ver 3.4  Verb mode for urls, etc.
)
LaTeX Info: Redefining \url on input line 5125.
\XeTeXLinkMargin=\dimen104
\Fld@menulength=\count92
\Field@Width=\dimen105
\Fld@charsize=\dimen106
Package hyperref Info: Hyper figures OFF on input line 6380.
Package hyperref Info: Link nesting OFF on input line 6385.
Package hyperref Info: Hyper index ON on input line 6388.
Package hyperref Info: backreferencing OFF on input line 6395.
Package hyperref Info: Link coloring OFF on input line 6400.
Package hyperref Info: Link coloring with OCG OFF on input line 6405.
Package hyperref Info: PDF/A mode OFF on input line 6410.
LaTeX Info: Redefining \ref on input line 6450.
LaTeX Info: Redefining \pageref on input line 6454.
\Hy@abspage=\count93
\c@Item=\count94
\c@Hfootnote=\count95
)
Package hyperref Info: Driver: hpdftex.
(/usr/share/texlive/texmf-dist/tex/latex/hyperref/hpdftex.def
File: hpdftex.def 2018/11/30 v6.88e Hyperref driver for pdfTeX
\Fld@listcount=\count96
\c@bookmark@seq@number=\count97
(/usr/share/texlive/texmf-dist/tex/latex/oberdiek/rerunfilecheck.sty
Package: rerunfilecheck 2016/05/16 v1.8 Rerun checks for auxiliary files (HO)
Package uniquecounter Info: New unique counter `rerunfilecheck' on input line 2
82.
)
\Hy@SectionHShift=\skip43
)
Package: html 1999/07/19 v1.38 hypertext commands for latex2html (nd, hws, rrm)

\c@lpart=\count98
\c@lchapter=\count99
\c@chapter=\count100
\c@lsection=\count101
\c@lsubsection=\count102
\c@lsubsubsection=\count103
\c@lparagraph=\count104
\c@lsubparagraph=\count105
\c@lsubsubparagraph=\count106
\ptrfile=\write3
) (/usr/share/texlive/texmf-dist/tex/latex/graphics/graphicx.sty
Package: graphicx 2017/06/01 v1.1a Enhanced LaTeX Graphics (DPC,SPQR)
(/usr/share/texlive/texmf-dist/tex/latex/graphics/graphics.sty
Package: graphics 2017/06/25 v1.2c Standard LaTeX Graphics (DPC,SPQR)
(/usr/share/texlive/texmf-dist/tex/latex/graphics/trig.sty
Package: trig 2016/01/03 v1.10 sin cos tan (DPC)
) (/usr/share/texlive/texmf-dist/tex/latex/graphics-cfg/graphics.cfg
File: graphics.cfg 2016/06/04 v1.11 sample graphics configuration
)
Package graphics Info: Driver file: pdftex.def on input line 99.
(/usr/share/texlive/texmf-dist/tex/latex/graphics-def/pdftex.def
File: pdftex.def 2018/01/08 v1.0l Graphics/color driver for pdftex
))
\Gin@req@height=\dimen107
\Gin@req@width=\dimen108
) (/home/winkler/git/gurobi/docs/gurobidoc.sty (/usr/share/texlive/texmf-dist/t
ex/latex/listings/listings.sty
\lst@mode=\count107
\lst@gtempboxa=\box27
\lst@token=\toks17
\lst@length=\count108
\lst@currlwidth=\dimen109
\lst@column=\count109
\lst@pos=\count110
\lst@lostspace=\dimen110
\lst@width=\dimen111
\lst@newlines=\count111
\lst@lineno=\count112
\lst@maxwidth=\dimen112
(/usr/share/texlive/texmf-dist/tex/latex/listings/lstmisc.sty
File: lstmisc.sty 2018/09/02 1.7 (Carsten Heinz)
\c@lstnumber=\count113
\lst@skipnumbers=\count114
\lst@framebox=\box28
) (/usr/share/texlive/texmf-dist/tex/latex/listings/listings.cfg
File: listings.cfg 2018/09/02 1.7 listings configuration
))
Package: listings 2018/09/02 1.7 (Carsten Heinz)
(/usr/share/texlive/texmf-dist/tex/latex/graphics/color.sty
Package: color 2016/07/10 v1.1e Standard LaTeX Color (DPC)
(/usr/share/texlive/texmf-dist/tex/latex/graphics-cfg/color.cfg
File: color.cfg 2016/01/02 v1.6 sample color configuration
)
Package color Info: Driver file: pdftex.def on input line 147.
) (/usr/share/texlive/texmf-dist/tex/latex/amsfonts/amssymb.sty
Package: amssymb 2013/01/14 v3.01 AMS font symbols
(/usr/share/texlive/texmf-dist/tex/latex/amsfonts/amsfonts.sty
Package: amsfonts 2013/01/14 v3.01 Basic AMSFonts support
\@emptytoks=\toks18
\symAMSa=\mathgroup4
\symAMSb=\mathgroup5
LaTeX Font Info:    Overwriting math alphabet `\mathfrak' in version `bold'
(Font)                  U/euf/m/n --> U/euf/b/n on input line 106.
)) (/usr/share/texlive/texmf-dist/tex/latex/xcolor/xcolor.sty
Package: xcolor 2016/05/11 v2.12 LaTeX color extensions (UK)
(/usr/share/texlive/texmf-dist/tex/latex/graphics-cfg/color.cfg
File: color.cfg 2016/01/02 v1.6 sample color configuration
)
Package xcolor Info: Package option `usenames' ignored on input line 216.
Package xcolor Info: Package option `divpsnames' ignored on input line 216.
Package xcolor Info: Driver file: pdftex.def on input line 225.
LaTeX Info: Redefining \color on input line 709.
Package xcolor Info: Model `cmy' substituted by `cmy0' on input line 1348.
Package xcolor Info: Model `hsb' substituted by `rgb' on input line 1352.
Package xcolor Info: Model `RGB' extended on input line 1364.
Package xcolor Info: Model `HTML' substituted by `rgb' on input line 1366.
Package xcolor Info: Model `Hsb' substituted by `hsb' on input line 1367.
Package xcolor Info: Model `tHsb' substituted by `hsb' on input line 1368.
Package xcolor Info: Model `HSB' substituted by `hsb' on input line 1369.
Package xcolor Info: Model `Gray' substituted by `gray' on input line 1370.
Package xcolor Info: Model `wave' substituted by `hsb' on input line 1371.
(/usr/share/texlive/texmf-dist/tex/latex/xcolor/svgnam.def
File: svgnam.def 2016/05/11 v2.12 Predefined colors according to SVG 1.1 (UK)
))
Package: gurobidoc 
) (/usr/share/texlive/texmf-dist/tex/latex/base/inputenc.sty
Package: inputenc 2018/08/11 v1.3c Input encoding file
\inpenc@prehook=\toks19
\inpenc@posthook=\toks20
(/usr/share/texlive/texmf-dist/tex/latex/base/latin1.def
File: latin1.def 2018/08/11 v1.3c Input encoding file
))
\sizebox=\box29
\lthtmlwrite=\write4
(/usr/share/texmf/tex/latex/preview/preview.sty
Package: preview 2017/04/24 11.91 (AUCTeX/preview-latex)
(/usr/share/texmf/tex/latex/preview/prtightpage.def
\PreviewBorder=\dimen113
)
\pr@snippet=\count115
\pr@box=\box30
\pr@output=\toks21
)
\lthtmlPageBox=\box31
\lthtmlCropMarkHeight=\dimen114
\lthtmlCropMarkDepth=\dimen115
! Too many }'s.
l.853 ...review}\copy\lthtmlPageBox\end{preview}}}
                                                  %
You've closed more groups than you opened.
Such booboos are generally harmless, so keep going.

(./images.aux)
\openout1 = `images.aux'.

LaTeX Font Info:    Checking defaults for OML/cmm/m/it on input line 884.
LaTeX Font Info:    ... okay on input line 884.
LaTeX Font Info:    Checking defaults for T1/cmr/m/n on input line 884.
LaTeX Font Info:    ... okay on input line 884.
LaTeX Font Info:    Checking defaults for OT1/cmr/m/n on input line 884.
LaTeX Font Info:    ... okay on input line 884.
LaTeX Font Info:    Checking defaults for OMS/cmsy/m/n on input line 884.
LaTeX Font Info:    ... okay on input line 884.
LaTeX Font Info:    Checking defaults for OMX/cmex/m/n on input line 884.
LaTeX Font Info:    ... okay on input line 884.
LaTeX Font Info:    Checking defaults for U/cmr/m/n on input line 884.
LaTeX Font Info:    ... okay on input line 884.
LaTeX Font Info:    Checking defaults for PD1/pdf/m/n on input line 884.
LaTeX Font Info:    ... okay on input line 884.
\AtBeginShipoutBox=\box32
Package hyperref Info: Link coloring OFF on input line 884.
(/usr/share/texlive/texmf-dist/tex/latex/hyperref/nameref.sty
Package: nameref 2016/05/21 v2.44 Cross-referencing by name of section
(/usr/share/texlive/texmf-dist/tex/generic/oberdiek/gettitlestring.sty
Package: gettitlestring 2016/05/16 v1.5 Cleanup title references (HO)
)
\c@section@level=\count116
)
LaTeX Info: Redefining \ref on input line 884.
LaTeX Info: Redefining \pageref on input line 884.
LaTeX Info: Redefining \nameref on input line 884.
(./images.out) (./images.out)
\@outlinefile=\write5
\openout5 = `images.out'.

(/usr/share/texlive/texmf-dist/tex/context/base/mkii/supp-pdf.mkii
[Loading MPS to PDF converter (version 2006.09.02).]
\scratchcounter=\count117
\scratchdimen=\dimen116
\scratchbox=\box33
\nofMPsegments=\count118
\nofMParguments=\count119
\everyMPshowfont=\toks22
\MPscratchCnt=\count120
\MPscratchDim=\dimen117
\MPnumerator=\count121
\makeMPintoPDFobject=\count122
\everyMPtoPDFconversion=\toks23
) (/usr/share/texlive/texmf-dist/tex/latex/oberdiek/epstopdf-base.sty
Package: epstopdf-base 2016/05/15 v2.6 Base part for package epstopdf
(/usr/share/texlive/texmf-dist/tex/latex/oberdiek/grfext.sty
Package: grfext 2016/05/16 v1.2 Manage graphics extensions (HO)
)
Package epstopdf-base Info: Redefining graphics rule for `.eps' on input line 4
38.
Package grfext Info: Graphics extension search list:
(grfext)             [.pdf,.png,.jpg,.mps,.jpeg,.jbig2,.jb2,.PDF,.PNG,.JPG,.JPE
G,.JBIG2,.JB2,.eps]
(grfext)             \AppendGraphicsExtensions on input line 456.
(/usr/share/texlive/texmf-dist/tex/latex/latexconfig/epstopdf-sys.cfg
File: epstopdf-sys.cfg 2010/07/13 v1.3 Configuration of (r)epstopdf for TeX Liv
e
))
\c@lstlisting=\count123
Preview: Fontsize 10pt
Preview: PDFoutput 1

latex2htmlLength hsize=349.0pt

latex2htmlLength vsize=633.0pt

latex2htmlLength hoffset=0.0pt

latex2htmlLength voffset=0.0pt

latex2htmlLength topmargin=0.0pt

latex2htmlLength topskip=0.00003pt

latex2htmlLength headheight=0.0pt

latex2htmlLength headsep=0.0pt

latex2htmlLength parskip=0.0pt plus 1.0pt

latex2htmlLength oddsidemargin=62.0pt

latex2htmlLength evensidemargin=62.0pt

<logo.png, id=4, 426.59375pt x 125.46875pt>
File: logo.png Graphic file (type png)
<use logo.png>
Package pdftex.def Info: logo.png  used on input line 909.
(pdftex.def)             Requested size: 170.71652pt x 50.21149pt.

:tex2html_wrap1689:lthtmlCropMarkHeight:=56.21149pt

:tex2html_wrap1689:lthtmlCropMarkDepth:=0.0pt:1ex:=4.30554pt
Preview: Tightpage -32891 -32891 32891 32891
[1 </home/winkler/git/gurobi/docs/logo.png>]
<graphics/download.png, id=10, 1436.36626pt x 1001.7425pt>
File: graphics/download.png Graphic file (type png)
<use graphics/download.png>
Package pdftex.def Info: graphics/download.png  used on input line 921.
(pdftex.def)             Requested size: 469.75499pt x 327.61069pt.

:tex2html_wrap1933:lthtmlCropMarkHeight:=333.61069pt

:tex2html_wrap1933:lthtmlCropMarkDepth:=0.0pt:1ex:=4.30554pt
[2 </home/winkler/git/gurobi/docs/graphics/download.png>]
<graphics/license.png, id=14, 737.75626pt x 505.13719pt>
File: graphics/license.png Graphic file (type png)
<use graphics/license.png>
Package pdftex.def Info: graphics/license.png  used on input line 953.
(pdftex.def)             Requested size: 469.75499pt x 321.63724pt.

:tex2html_wrap2039:lthtmlCropMarkHeight:=327.63724pt

:tex2html_wrap2039:lthtmlCropMarkDepth:=0.0pt:1ex:=4.30554pt
[3 </home/winkler/git/gurobi/docs/graphics/license.png>]
<graphics/startrun.png, id=19, 294.34969pt x 106.89937pt>
File: graphics/startrun.png Graphic file (type png)
<use graphics/startrun.png>
Package pdftex.def Info: graphics/startrun.png  used on input line 961.
(pdftex.def)             Requested size: 289.07999pt x 104.98738pt.

:tex2html_wrap2151:lthtmlCropMarkHeight:=110.98738pt

:tex2html_wrap2151:lthtmlCropMarkDepth:=0.0pt:1ex:=4.30554pt
[4 </home/winkler/git/gurobi/docs/graphics/startrun.png>]
LaTeX Font Info:    Try loading font information for U+msa on input line 1003.
(/usr/share/texlive/texmf-dist/tex/latex/amsfonts/umsa.fd
File: umsa.fd 2013/01/14 v3.01 AMS symbols A
)
LaTeX Font Info:    Try loading font information for U+msb on input line 1003.
(/usr/share/texlive/texmf-dist/tex/latex/amsfonts/umsb.fd
File: umsb.fd 2013/01/14 v3.01 AMS symbols B
)

:tex2html_wrap_inline4661:lthtmlCropMarkHeight:=12.35971pt

:tex2html_wrap_inline4661:lthtmlCropMarkDepth:=1.35971pt:1ex:=4.30554pt
[5{/var/lib/texmf/fonts/map/pdftex/updmap/pdftex.map}]

:tex2html_wrap_inline4663:lthtmlCropMarkHeight:=12.35971pt

:tex2html_wrap_inline4663:lthtmlCropMarkDepth:=1.35971pt:1ex:=4.30554pt
[6]

:tex2html_wrap_inline4665:lthtmlCropMarkHeight:=13.51782pt

:tex2html_wrap_inline4665:lthtmlCropMarkDepth:=0.0pt:1ex:=4.30554pt
[7]

:tex2html_wrap_inline4667:lthtmlCropMarkHeight:=13.51782pt

:tex2html_wrap_inline4667:lthtmlCropMarkDepth:=0.83333pt:1ex:=4.30554pt
[8]

:tex2html_wrap_inline4669:lthtmlCropMarkHeight:=12.44444pt

:tex2html_wrap_inline4669:lthtmlCropMarkDepth:=1.94444pt:1ex:=4.30554pt
[9]

:tex2html_wrap_inline4671:lthtmlCropMarkHeight:=10.30554pt

:tex2html_wrap_inline4671:lthtmlCropMarkDepth:=0.0pt:1ex:=4.30554pt
[10]

:tex2html_wrap_inline4673:lthtmlCropMarkHeight:=10.30554pt

:tex2html_wrap_inline4673:lthtmlCropMarkDepth:=1.94444pt:1ex:=4.30554pt
[11]

:tex2html_wrap_inline4675:lthtmlCropMarkHeight:=10.30554pt

:tex2html_wrap_inline4675:lthtmlCropMarkDepth:=0.0pt:1ex:=4.30554pt
[12]

:tex2html_wrap_inline6306:lthtmlCropMarkHeight:=12.44444pt

:tex2html_wrap_inline6306:lthtmlCropMarkDepth:=0.83333pt:1ex:=4.30554pt
[13]
<graphics/anaconda_linux.png, id=56, 342.5598pt x 233.4321pt>
File: graphics/anaconda_linux.png Graphic file (type png)
<use graphics/anaconda_linux.png>
Package pdftex.def Info: graphics/anaconda_linux.png  used on input line 1081.
(pdftex.def)             Requested size: 448.07378pt x 305.3566pt.

:tex2html_wrap7235:lthtmlCropMarkHeight:=311.3566pt

:tex2html_wrap7235:lthtmlCropMarkDepth:=0.0pt:1ex:=4.30554pt
[14 </home/winkler/git/gurobi/docs/graphics/anaconda_linux.png>]
<graphics/anaconda_mac.png, id=61, 342.5598pt x 233.1912pt>
File: graphics/anaconda_mac.png Graphic file (type png)
<use graphics/anaconda_mac.png>
Package pdftex.def Info: graphics/anaconda_mac.png  used on input line 1087.
(pdftex.def)             Requested size: 448.07378pt x 305.04147pt.

:tex2html_wrap7237:lthtmlCropMarkHeight:=311.04147pt

:tex2html_wrap7237:lthtmlCropMarkDepth:=0.0pt:1ex:=4.30554pt
[15 </home/winkler/git/gurobi/docs/graphics/anaconda_mac.png>]
<graphics/anaconda_windows.png, id=66, 342.5598pt x 233.4321pt>
File: graphics/anaconda_windows.png Graphic file (type png)
<use graphics/anaconda_windows.png>
Package pdftex.def Info: graphics/anaconda_windows.png  used on input line 1093
.
(pdftex.def)             Requested size: 448.07378pt x 305.3566pt.

:tex2html_wrap7239:lthtmlCropMarkHeight:=311.3566pt

:tex2html_wrap7239:lthtmlCropMarkDepth:=0.0pt:1ex:=4.30554pt
[16 </home/winkler/git/gurobi/docs/graphics/anaconda_windows.png>]
<graphics/spyder_linux1.png, id=71, 886.31125pt x 820.06375pt>
File: graphics/spyder_linux1.png Graphic file (type png)
<use graphics/spyder_linux1.png>
Package pdftex.def Info: graphics/spyder_linux1.png  used on input line 1101.
(pdftex.def)             Requested size: 469.75499pt x 434.64423pt.

:tex2html_wrap7311:lthtmlCropMarkHeight:=440.64423pt

:tex2html_wrap7311:lthtmlCropMarkDepth:=0.0pt:1ex:=4.30554pt
[17 </home/winkler/git/gurobi/docs/graphics/spyder_linux1.png>]
<graphics/spyder_linux2.png, id=76, 1064.97874pt x 752.8125pt>
File: graphics/spyder_linux2.png Graphic file (type png)
<use graphics/spyder_linux2.png>
Package pdftex.def Info: graphics/spyder_linux2.png  used on input line 1107.
(pdftex.def)             Requested size: 397.48499pt x 280.9715pt.

:tex2html_wrap7325:lthtmlCropMarkHeight:=286.9715pt

:tex2html_wrap7325:lthtmlCropMarkDepth:=0.0pt:1ex:=4.30554pt
[18 </home/winkler/git/gurobi/docs/graphics/spyder_linux2.png>]
<graphics/spyder_linux3.png, id=81, 1067.99pt x 762.85pt>
File: graphics/spyder_linux3.png Graphic file (type png)
<use graphics/spyder_linux3.png>
Package pdftex.def Info: graphics/spyder_linux3.png  used on input line 1113.
(pdftex.def)             Requested size: 397.48499pt x 283.91463pt.

:tex2html_wrap7335:lthtmlCropMarkHeight:=289.91463pt

:tex2html_wrap7335:lthtmlCropMarkDepth:=0.0pt:1ex:=4.30554pt
[19 </home/winkler/git/gurobi/docs/graphics/spyder_linux3.png>]
<graphics/jupyter_linux1.png, id=86, 712.91344pt x 655.69969pt>
File: graphics/jupyter_linux1.png Graphic file (type png)
<use graphics/jupyter_linux1.png>
Package pdftex.def Info: graphics/jupyter_linux1.png  used on input line 1121.
(pdftex.def)             Requested size: 469.75499pt x 432.05276pt.

:tex2html_wrap7351:lthtmlCropMarkHeight:=438.05276pt

:tex2html_wrap7351:lthtmlCropMarkDepth:=0.0pt:1ex:=4.30554pt
[20 </home/winkler/git/gurobi/docs/graphics/jupyter_linux1.png>]
Package atveryend Info: Empty hook `BeforeClearDocument' on input line 1127.
Package atveryend Info: Empty hook `AfterLastShipout' on input line 1127.
(./images.aux)
Package atveryend Info: Executing hook `AtVeryEndDocument' on input line 1127.
Package atveryend Info: Executing hook `AtEndAfterFileList' on input line 1127.

Package rerunfilecheck Info: File `images.out' has not changed.
(rerunfilecheck)             Checksum: D41D8CD98F00B204E9800998ECF8427E;0.
Package atveryend Info: Empty hook `AtVeryVeryEnd' on input line 1127.
 ) 
Here is how much of TeX's memory you used:
 7927 strings out of 494561
 114114 string characters out of 6177454
 228352 words of memory out of 5000000
 11505 multiletter control sequences out of 15000+600000
 5339 words of font info for 22 fonts, out of 8000000 for 9000
 14 hyphenation exceptions out of 8191
 35i,6n,37p,350b,335s stack positions out of 5000i,500n,10000p,200000b,80000s
</usr/share/texlive/texmf-dist/fonts/type1/public/amsfonts/cm/cmmi10.pfb></us
r/share/texlive/texmf-dist/fonts/type1/public/amsfonts/cm/cmr10.pfb></usr/share
/texlive/texmf-dist/fonts/type1/public/amsfonts/cm/cmsy10.pfb></usr/share/texli
ve/texmf-dist/fonts/type1/public/amsfonts/cm/cmsy7.pfb>
Output written on images.pdf (20 pages, 971256 bytes).
PDF statistics:
 105 PDF objects out of 1000 (max. 8388607)
 60 compressed objects within 1 object stream
 0 named destinations out of 1000 (max. 500000)
 56 words of extra memory for PDF output out of 10000 (max. 10000000)

